[33m▲ [43;33m[[43;30mWARNING[43;33m][0m [1mProcessing wrangler.toml configuration:[0m

    - Unexpected fields found in assets field: "routes"


{
    "wallTime": 0,
    "cpuTime": 0,
    "truncated": false,
    "executionModel": "stateless",
    "outcome": "ok",
    "scriptVersion": {
        "id": "464887ba-d8ae-4520-9284-4a69ec853233"
    },
    "scriptName": "wrapsheet-public",
    "diagnosticsChannelEvents": [],
    "exceptions": [],
    "logs": [],
    "eventTimestamp": 1768452248545,
    "event": {
        "request": {
            "url": "https://wrapsheet.ccorealtors.com/api/users",
            "method": "POST",
            "headers": {
                "accept": "*/*",
                "accept-encoding": "gzip, br",
                "cf-connecting-ip": "73.156.144.167",
                "cf-ipcountry": "US",
                "cf-ray": "9be2b7595d2531d8",
                "cf-visitor": "{\"scheme\":\"https\"}",
                "connection": "Keep-Alive",
                "content-length": "0",
                "host": "wrapsheet.ccorealtors.com",
                "user-agent": "curl/8.16.0",
                "x-forwarded-proto": "https",
                "x-real-ip": "73.156.144.167"
            },
            "cf": {
                "httpProtocol": "HTTP/1.1",
                "requestPriority": "",
                "edgeRequestKeepAliveStatus": 1,
                "requestHeaderNames": {},
                "clientTcpRtt": 13,
                "colo": "MIA",
                "asn": 7922,
                "asOrganization": "Comcast IP Services, L.L.C.",
                "country": "US",
                "isEUCountry": false,
                "city": "Cape Coral",
                "continent": "NA",
                "region": "Florida",
                "regionCode": "FL",
                "timezone": "America/New_York",
                "longitude": "-81.94953",
                "latitude": "26.56285",
                "postalCode": "33910",
                "metroCode": "571",
                "tlsVersion": "TLSv1.3",
                "tlsCipher": "AEAD-AES256-GCM-SHA384",
                "tlsClientRandom": "nWSpOxAYdCXkDGMmr2ytw3Uwfy9STqTbkJ6Vjj25gXE=",
                "tlsClientCiphersSha1": "kTkJ+HAwBvIuoPFncb1wEDLcgfg=",
                "tlsClientExtensionsSha1": "p2XN7z/lcnmBD9Q+f8xSyG4x4VA=",
                "tlsClientExtensionsSha1Le": "ydwLHTahJx17MvHnnvv2lsdgs/g=",
                "tlsExportedAuthenticator": {
                    "clientHandshake": "d77235448b9870a34bb2ec8a32fc2d189cba72315561a99df734dc92dd61d0e0bbebcfc61642672e231af4c4982e15c1",
                    "serverHandshake": "a9259226c0d7bf67d960a14b346c5d307cd7a409ea7c472f8e2877051f245ee8efcca03997642120a942ad7ab74debe0",
                    "clientFinished": "91e559f2d654f183d0b3a6cf113a3298586c580f1b2866db3342441361d330b1c658e1e5a3f87e164cae7eded60b87b7",
                    "serverFinished": "7c4f81719855d9b7eae38ee05a12bb652e4766f098d2c53e7136bbf4983941ddf13b48c56935534bec5f8365cf8ad652"
                },
                "tlsClientHelloLength": "463",
                "tlsClientAuth": {
                    "certPresented": "0",
                    "certVerified": "NONE",
                    "certRevoked": "0",
                    "certIssuerDN": "",
                    "certSubjectDN": "",
                    "certIssuerDNRFC2253": "",
                    "certSubjectDNRFC2253": "",
                    "certIssuerDNLegacy": "",
                    "certSubjectDNLegacy": "",
                    "certSerial": "",
                    "certIssuerSerial": "",
                    "certSKI": "",
                    "certIssuerSKI": "",
                    "certFingerprintSHA1": "",
                    "certFingerprintSHA256": "",
                    "certNotBefore": "",
                    "certNotAfter": ""
                },
                "verifiedBotCategory": ""
            }
        },
        "response": {
            "status": 400
        }
    }
}
{
    "wallTime": 72,
    "cpuTime": 3,
    "truncated": false,
    "executionModel": "stateless",
    "outcome": "ok",
    "scriptVersion": {
        "id": "464887ba-d8ae-4520-9284-4a69ec853233"
    },
    "scriptName": "wrapsheet-public",
    "diagnosticsChannelEvents": [],
    "exceptions": [],
    "logs": [],
    "eventTimestamp": 1768452276822,
    "event": {
        "request": {
            "url": "https://wrapsheet.ccorealtors.com/api/users",
            "method": "POST",
            "headers": {
                "accept": "*/*",
                "accept-encoding": "gzip, br",
                "cf-connecting-ip": "73.156.144.167",
                "cf-ipcountry": "US",
                "cf-ray": "9be2b80a0a0c87d6",
                "cf-visitor": "{\"scheme\":\"https\"}",
                "connection": "Keep-Alive",
                "content-length": "96",
                "content-type": "application/x-www-form-urlencoded",
                "host": "wrapsheet.ccorealtors.com",
                "user-agent": "curl/8.16.0",
                "x-forwarded-proto": "https",
                "x-real-ip": "73.156.144.167"
            },
            "cf": {
                "httpProtocol": "HTTP/1.1",
                "requestPriority": "",
                "edgeRequestKeepAliveStatus": 1,
                "requestHeaderNames": {},
                "clientTcpRtt": 13,
                "colo": "MIA",
                "asn": 7922,
                "asOrganization": "Comcast IP Services, L.L.C.",
                "country": "US",
                "isEUCountry": false,
                "city": "Cape Coral",
                "continent": "NA",
                "region": "Florida",
                "regionCode": "FL",
                "timezone": "America/New_York",
                "longitude": "-81.94953",
                "latitude": "26.56285",
                "postalCode": "33910",
                "metroCode": "571",
                "tlsVersion": "TLSv1.3",
                "tlsCipher": "AEAD-AES256-GCM-SHA384",
                "tlsClientRandom": "Aagbrx6jCBxl7iMggT9stjhu9UlgdBxh0Dmq0Y6tK4A=",
                "tlsClientCiphersSha1": "kTkJ+HAwBvIuoPFncb1wEDLcgfg=",
                "tlsClientExtensionsSha1": "p2XN7z/lcnmBD9Q+f8xSyG4x4VA=",
                "tlsClientExtensionsSha1Le": "ydwLHTahJx17MvHnnvv2lsdgs/g=",
                "tlsExportedAuthenticator": {
                    "clientHandshake": "0c6ab8a389cc0410bfbd9787cede8b229ea7b8bc7d5b078b466dc085e4b24d2209cba26b09a34cc9e43d0cf549314e22",
                    "serverHandshake": "c99382a6cca12a088b82b0baffd72d80e4e03f7f32d0d53a725d3f399d02cbac32e9a62b5975fb3c862cbe54a3a43bf9",
                    "clientFinished": "84a62094e4010ee479cbcd83860a4ce9b6e040ba7fe093457132b27e3a4b0ad5172311569071f7c0867c6de8f86595f1",
                    "serverFinished": "44486c39e4bbe02220ef0c1aae2cbb66196f8a09f6ece7f747d81fb9b7901f5b1ddfe7c3820360cdb8f58e8523c7f259"
                },
                "tlsClientHelloLength": "463",
                "tlsClientAuth": {
                    "certPresented": "0",
                    "certVerified": "NONE",
                    "certRevoked": "0",
                    "certIssuerDN": "",
                    "certSubjectDN": "",
                    "certIssuerDNRFC2253": "",
                    "certSubjectDNRFC2253": "",
                    "certIssuerDNLegacy": "",
                    "certSubjectDNLegacy": "",
                    "certSerial": "",
                    "certIssuerSerial": "",
                    "certSKI": "",
                    "certIssuerSKI": "",
                    "certFingerprintSHA1": "",
                    "certFingerprintSHA256": "",
                    "certNotBefore": "",
                    "certNotAfter": ""
                },
                "verifiedBotCategory": ""
            }
        },
        "response": {
            "status": 200
        }
    }
}
{
    "wallTime": 18,
    "cpuTime": 1,
    "truncated": false,
    "executionModel": "stateless",
    "outcome": "ok",
    "scriptVersion": {
        "id": "464887ba-d8ae-4520-9284-4a69ec853233"
    },
    "scriptName": "wrapsheet-public",
    "diagnosticsChannelEvents": [],
    "exceptions": [],
    "logs": [
        {
            "message": [
                "Update user error",
                "Error: D1_ERROR: no such column: updated_at: SQLITE_ERROR"
            ],
            "level": "error",
            "timestamp": 1768452294524
        }
    ],
    "eventTimestamp": 1768452294507,
    "event": {
        "request": {
            "url": "https://wrapsheet.ccorealtors.com/api/users/16",
            "method": "PUT",
            "headers": {
                "accept": "*/*",
                "accept-encoding": "gzip, br",
                "cf-connecting-ip": "73.156.144.167",
                "cf-ipcountry": "US",
                "cf-ray": "9be2b8789c7bff30",
                "cf-visitor": "{\"scheme\":\"https\"}",
                "connection": "Keep-Alive",
                "content-length": "87",
                "content-type": "application/x-www-form-urlencoded",
                "host": "wrapsheet.ccorealtors.com",
                "user-agent": "curl/8.16.0",
                "x-forwarded-proto": "https",
                "x-real-ip": "73.156.144.167"
            },
            "cf": {
                "httpProtocol": "HTTP/1.1",
                "requestPriority": "",
                "edgeRequestKeepAliveStatus": 1,
                "requestHeaderNames": {},
                "clientTcpRtt": 13,
                "colo": "MIA",
                "asn": 7922,
                "asOrganization": "Comcast IP Services, L.L.C.",
                "country": "US",
                "isEUCountry": false,
                "city": "Cape Coral",
                "continent": "NA",
                "region": "Florida",
                "regionCode": "FL",
                "timezone": "America/New_York",
                "longitude": "-81.94953",
                "latitude": "26.56285",
                "postalCode": "33910",
                "metroCode": "571",
                "tlsVersion": "TLSv1.3",
                "tlsCipher": "AEAD-AES256-GCM-SHA384",
                "tlsClientRandom": "hDWrXwJINNQAj2YmYVIzkyNoOOHr6ysRcqcbaOdzkjg=",
                "tlsClientCiphersSha1": "kTkJ+HAwBvIuoPFncb1wEDLcgfg=",
                "tlsClientExtensionsSha1": "p2XN7z/lcnmBD9Q+f8xSyG4x4VA=",
                "tlsClientExtensionsSha1Le": "ydwLHTahJx17MvHnnvv2lsdgs/g=",
                "tlsExportedAuthenticator": {
                    "clientHandshake": "638d67c101102a01ca97cf5cccd625b4d789e89729d10f08627f4ffd91e3e7714a3720df35e40ab38d268936750420b7",
                    "serverHandshake": "fac403e21a8180c6317583c7acbf069c85c2680d58387759062da4490cf3891860741c8100eaf146d9d721a42ef82fe0",
                    "clientFinished": "b739fe5a4dfbb25aba50a705d84dbeb9eb0a8020002c1612d8b6456fe69ddb0f3fcdc5a7220fb2c84b6067c005e63a72",
                    "serverFinished": "889626c494394752e50fa33ab7f61847bd80d1198dc2d6e955f8c9b99481e9e0875ce54542cef921af080a691f0ab186"
                },
                "tlsClientHelloLength": "463",
                "tlsClientAuth": {
                    "certPresented": "0",
                    "certVerified": "NONE",
                    "certRevoked": "0",
                    "certIssuerDN": "",
                    "certSubjectDN": "",
                    "certIssuerDNRFC2253": "",
                    "certSubjectDNRFC2253": "",
                    "certIssuerDNLegacy": "",
                    "certSubjectDNLegacy": "",
                    "certSerial": "",
                    "certIssuerSerial": "",
                    "certSKI": "",
                    "certIssuerSKI": "",
                    "certFingerprintSHA1": "",
                    "certFingerprintSHA256": "",
                    "certNotBefore": "",
                    "certNotAfter": ""
                },
                "verifiedBotCategory": ""
            }
        },
        "response": {
            "status": 500
        }
    }
}
{
    "wallTime": 770,
    "cpuTime": 2,
    "truncated": false,
    "executionModel": "stateless",
    "outcome": "ok",
    "scriptVersion": {
        "id": "464887ba-d8ae-4520-9284-4a69ec853233"
    },
    "scriptName": "wrapsheet-public",
    "diagnosticsChannelEvents": [],
    "exceptions": [],
    "logs": [
        {
            "message": [
                "Update user error",
                "Error: D1_ERROR: no such column: updated_at: SQLITE_ERROR"
            ],
            "level": "error",
            "timestamp": 1768452356273
        }
    ],
    "eventTimestamp": 1768452355490,
    "event": {
        "request": {
            "url": "https://wrapsheet.ccorealtors.com/api/users/16",
            "method": "PUT",
            "headers": {
                "accept": "*/*",
                "accept-encoding": "gzip, br",
                "cf-connecting-ip": "73.156.144.167",
                "cf-ipcountry": "US",
                "cf-ray": "9be2b9f5cbe35f7a",
                "cf-visitor": "{\"scheme\":\"https\"}",
                "connection": "Keep-Alive",
                "content-length": "87",
                "content-type": "application/x-www-form-urlencoded",
                "host": "wrapsheet.ccorealtors.com",
                "user-agent": "curl/8.16.0",
                "x-forwarded-proto": "https",
                "x-real-ip": "73.156.144.167"
            },
            "cf": {
                "httpProtocol": "HTTP/1.1",
                "requestPriority": "",
                "edgeRequestKeepAliveStatus": 1,
                "requestHeaderNames": {},
                "clientTcpRtt": 19,
                "colo": "MIA",
                "asn": 7922,
                "asOrganization": "Comcast IP Services, L.L.C.",
                "country": "US",
                "isEUCountry": false,
                "city": "Cape Coral",
                "continent": "NA",
                "region": "Florida",
                "regionCode": "FL",
                "timezone": "America/New_York",
                "longitude": "-81.94953",
                "latitude": "26.56285",
                "postalCode": "33910",
                "metroCode": "571",
                "tlsVersion": "TLSv1.3",
                "tlsCipher": "AEAD-AES256-GCM-SHA384",
                "tlsClientRandom": "f49qgVw6vhZ5ONcXnmuVxT1BqIa7aRqw9zv2PsU5Q3k=",
                "tlsClientCiphersSha1": "kTkJ+HAwBvIuoPFncb1wEDLcgfg=",
                "tlsClientExtensionsSha1": "p2XN7z/lcnmBD9Q+f8xSyG4x4VA=",
                "tlsClientExtensionsSha1Le": "ydwLHTahJx17MvHnnvv2lsdgs/g=",
                "tlsExportedAuthenticator": {
                    "clientHandshake": "832da460bf6133d8bbee2d4fc8b45fe31b65e63a0274f5d4993f177d0a63cbf88d03273d7f02a6e35c3e4ca8ff1458a4",
                    "serverHandshake": "0128fb89cbc30f53940d49cd7ea282dc76f55445c3412f276a58c33ba55daf01541344590b911d22026532fb44199cd4",
                    "clientFinished": "a3c429bfc130e29f4260637a115afc1b51087777e5ddd36374f2c1c277c58574c0c9da688559bbc1eeb03ee8d3b00951",
                    "serverFinished": "0d9acd86279e0789a568386fa69b6fd1e9c7ce6de4d9e54d45e2f410629aadedea9f72430ac0389e95bbcb25f8624a45"
                },
                "tlsClientHelloLength": "463",
                "tlsClientAuth": {
                    "certPresented": "0",
                    "certVerified": "NONE",
                    "certRevoked": "0",
                    "certIssuerDN": "",
                    "certSubjectDN": "",
                    "certIssuerDNRFC2253": "",
                    "certSubjectDNRFC2253": "",
                    "certIssuerDNLegacy": "",
                    "certSubjectDNLegacy": "",
                    "certSerial": "",
                    "certIssuerSerial": "",
                    "certSKI": "",
                    "certIssuerSKI": "",
                    "certFingerprintSHA1": "",
                    "certFingerprintSHA256": "",
                    "certNotBefore": "",
                    "certNotAfter": ""
                },
                "verifiedBotCategory": ""
            }
        },
        "response": {
            "status": 500
        }
    }
}
{
    "wallTime": 51,
    "cpuTime": 1,
    "truncated": false,
    "executionModel": "stateless",
    "outcome": "ok",
    "scriptVersion": {
        "id": "464887ba-d8ae-4520-9284-4a69ec853233"
    },
    "scriptName": "wrapsheet-public",
    "diagnosticsChannelEvents": [],
    "exceptions": [],
    "logs": [],
    "eventTimestamp": 1768452448337,
    "event": {
        "request": {
            "url": "https://wrapsheet.ccorealtors.com/api/users/16",
            "method": "PUT",
            "headers": {
                "accept": "*/*",
                "accept-encoding": "gzip, br",
                "cf-connecting-ip": "73.156.144.167",
                "cf-ipcountry": "US",
                "cf-ray": "9be2bc3a085e47ad",
                "cf-visitor": "{\"scheme\":\"https\"}",
                "connection": "Keep-Alive",
                "content-length": "87",
                "content-type": "application/x-www-form-urlencoded",
                "host": "wrapsheet.ccorealtors.com",
                "user-agent": "curl/8.16.0",
                "x-forwarded-proto": "https",
                "x-real-ip": "73.156.144.167"
            },
            "cf": {
                "httpProtocol": "HTTP/1.1",
                "requestPriority": "",
                "edgeRequestKeepAliveStatus": 1,
                "requestHeaderNames": {},
                "clientTcpRtt": 14,
                "colo": "MIA",
                "asn": 7922,
                "asOrganization": "Comcast IP Services, L.L.C.",
                "country": "US",
                "isEUCountry": false,
                "city": "Cape Coral",
                "continent": "NA",
                "region": "Florida",
                "regionCode": "FL",
                "timezone": "America/New_York",
                "longitude": "-81.94953",
                "latitude": "26.56285",
                "postalCode": "33910",
                "metroCode": "571",
                "tlsVersion": "TLSv1.3",
                "tlsCipher": "AEAD-AES256-GCM-SHA384",
                "tlsClientRandom": "ju2KvoQkXiOtK4KnW2PAPNB6pbnfvmWWK2CW+GREEUA=",
                "tlsClientCiphersSha1": "kTkJ+HAwBvIuoPFncb1wEDLcgfg=",
                "tlsClientExtensionsSha1": "p2XN7z/lcnmBD9Q+f8xSyG4x4VA=",
                "tlsClientExtensionsSha1Le": "ydwLHTahJx17MvHnnvv2lsdgs/g=",
                "tlsExportedAuthenticator": {
                    "clientHandshake": "151d31a06667eb7acb7a3cc37afa55501231c1de05865eed6a91605c019ab07c67fce68b7b5ae0c3a6d620d6577b541b",
                    "serverHandshake": "f8e7d4c22a129fbcd74a4ca83409f4bbfd5651670c89571c1026796e1a602414f970c2b466186897145d5d7932d83be4",
                    "clientFinished": "1aecb72fabaae4c3b172d59048d2112b14e4dfb4951feea1abf9afafb858d887ec7b2fc7ed89e124bfecf7852ec06735",
                    "serverFinished": "6ebf1046f4378346ca9cbd6fbebf65eef56fbaeeab846439cf247a1b3c189552a98a36ae4de29d8569b0cedb468743d5"
                },
                "tlsClientHelloLength": "463",
                "tlsClientAuth": {
                    "certPresented": "0",
                    "certVerified": "NONE",
                    "certRevoked": "0",
                    "certIssuerDN": "",
                    "certSubjectDN": "",
                    "certIssuerDNRFC2253": "",
                    "certSubjectDNRFC2253": "",
                    "certIssuerDNLegacy": "",
                    "certSubjectDNLegacy": "",
                    "certSerial": "",
                    "certIssuerSerial": "",
                    "certSKI": "",
                    "certIssuerSKI": "",
                    "certFingerprintSHA1": "",
                    "certFingerprintSHA256": "",
                    "certNotBefore": "",
                    "certNotAfter": ""
                },
                "verifiedBotCategory": ""
            }
        },
        "response": {
            "status": 200
        }
    }
}
{
    "wallTime": 76,
    "cpuTime": 3,
    "truncated": false,
    "executionModel": "stateless",
    "outcome": "ok",
    "scriptVersion": {
        "id": "c24d3dae-f234-4412-bc14-9da126cb6239"
    },
    "scriptName": "wrapsheet-public",
    "diagnosticsChannelEvents": [],
    "exceptions": [],
    "logs": [],
    "eventTimestamp": 1768452478065,
    "event": {
        "request": {
            "url": "https://wrapsheet.ccorealtors.com/api/users/16",
            "method": "DELETE",
            "headers": {
                "accept": "*/*",
                "accept-encoding": "gzip, br",
                "cf-connecting-ip": "73.156.144.167",
                "cf-ipcountry": "US",
                "cf-ray": "9be2bcf3d8677421",
                "cf-visitor": "{\"scheme\":\"https\"}",
                "connection": "Keep-Alive",
                "host": "wrapsheet.ccorealtors.com",
                "transfer-encoding": "chunked",
                "user-agent": "curl/8.16.0",
                "x-forwarded-proto": "https",
                "x-real-ip": "73.156.144.167"
            },
            "cf": {
                "httpProtocol": "HTTP/1.1",
                "requestPriority": "",
                "edgeRequestKeepAliveStatus": 1,
                "requestHeaderNames": {},
                "clientTcpRtt": 16,
                "colo": "MIA",
                "asn": 7922,
                "asOrganization": "Comcast IP Services, L.L.C.",
                "country": "US",
                "isEUCountry": false,
                "city": "Cape Coral",
                "continent": "NA",
                "region": "Florida",
                "regionCode": "FL",
                "timezone": "America/New_York",
                "longitude": "-81.94953",
                "latitude": "26.56285",
                "postalCode": "33910",
                "metroCode": "571",
                "tlsVersion": "TLSv1.3",
                "tlsCipher": "AEAD-AES256-GCM-SHA384",
                "tlsClientRandom": "Orx85i7OGXkeuAMavszS0vMfuGOCGCQLbmEc3mqw0c8=",
                "tlsClientCiphersSha1": "kTkJ+HAwBvIuoPFncb1wEDLcgfg=",
                "tlsClientExtensionsSha1": "p2XN7z/lcnmBD9Q+f8xSyG4x4VA=",
                "tlsClientExtensionsSha1Le": "ydwLHTahJx17MvHnnvv2lsdgs/g=",
                "tlsExportedAuthenticator": {
                    "clientHandshake": "8804d1ed491747b9eb309698f9720f4c0a7c1c38434eace14697536f5a11cb2f435e79b7ef8452cc39bd3232b9662cbd",
                    "serverHandshake": "76f2eb9aebf987d10b45e32eefb8084fa28fdb6cb99c9c1121dfc49e1b017a41e1788f8c8764c5ff06507c5a68e1783a",
                    "clientFinished": "76962623e9ef09cd241240e718eacd80bce08a17f9caea3774209692f9468976f1a7a8237ba09cf4f0ed9125c4844337",
                    "serverFinished": "1d7d4ef5bb9af16a9b143b5c7baaee1f3546f88a47d1c03854f4cd5759aab91a12c226048b2ecc78d4d4d070350aa245"
                },
                "tlsClientHelloLength": "463",
                "tlsClientAuth": {
                    "certPresented": "0",
                    "certVerified": "NONE",
                    "certRevoked": "0",
                    "certIssuerDN": "",
                    "certSubjectDN": "",
                    "certIssuerDNRFC2253": "",
                    "certSubjectDNRFC2253": "",
                    "certIssuerDNLegacy": "",
                    "certSubjectDNLegacy": "",
                    "certSerial": "",
                    "certIssuerSerial": "",
                    "certSKI": "",
                    "certIssuerSKI": "",
                    "certFingerprintSHA1": "",
                    "certFingerprintSHA256": "",
                    "certNotBefore": "",
                    "certNotAfter": ""
                },
                "verifiedBotCategory": ""
            }
        },
        "response": {
            "status": 200
        }
    }
}
{
    "wallTime": 29,
    "cpuTime": 2,
    "truncated": false,
    "executionModel": "stateless",
    "outcome": "ok",
    "scriptVersion": {
        "id": "c24d3dae-f234-4412-bc14-9da126cb6239"
    },
    "scriptName": "wrapsheet-public",
    "diagnosticsChannelEvents": [],
    "exceptions": [],
    "logs": [],
    "eventTimestamp": 1768452510220,
    "event": {
        "request": {
            "url": "https://wrapsheet.ccorealtors.com/api/organizations",
            "method": "GET",
            "headers": {
                "accept": "*/*",
                "accept-encoding": "gzip, br",
                "accept-language": "en-US,en;q=0.9",
                "cf-connecting-ip": "73.156.144.167",
                "cf-ipcountry": "US",
                "cf-ray": "9be2bdbcdee8b3e5",
                "cf-visitor": "{\"scheme\":\"https\"}",
                "connection": "Keep-Alive",
                "content-type": "application/json",
                "host": "wrapsheet.ccorealtors.com",
                "priority": "u=1, i",
                "referer": "https://wrapsheet.ccorealtors.com/admin",
                "sec-ch-ua": "\"Google Chrome\";v=\"143\", \"Chromium\";v=\"143\", \"Not A(Brand\";v=\"24\"",
                "sec-ch-ua-mobile": "?0",
                "sec-ch-ua-platform": "\"Windows\"",
                "sec-fetch-dest": "empty",
                "sec-fetch-mode": "cors",
                "sec-fetch-site": "same-origin",
                "user-agent": "Mozilla/5.0 (Windows NT 10.0; Win64; x64) AppleWebKit/537.36 (KHTML, like Gecko) Chrome/143.0.0.0 Safari/537.36",
                "x-forwarded-proto": "https",
                "x-real-ip": "73.156.144.167"
            },
            "cf": {
                "httpProtocol": "HTTP/3",
                "clientAcceptEncoding": "gzip, deflate, br",
                "requestPriority": "",
                "edgeRequestKeepAliveStatus": 1,
                "requestHeaderNames": {},
                "clientTcpRtt": 0,
                "colo": "MIA",
                "asn": 7922,
                "asOrganization": "Comcast IP Services, L.L.C.",
                "country": "US",
                "isEUCountry": false,
                "city": "Cape Coral",
                "continent": "NA",
                "region": "Florida",
                "regionCode": "FL",
                "timezone": "America/New_York",
                "longitude": "-81.94953",
                "latitude": "26.56285",
                "postalCode": "33910",
                "metroCode": "571",
                "tlsVersion": "TLSv1.3",
                "tlsCipher": "AEAD-AES128-GCM-SHA256",
                "tlsClientRandom": "P3qmNBeSAkQgEAW6qp81xXhalVDenMM86+iisCxaQxw=",
                "tlsClientCiphersSha1": "3HTt3+R/6BL3zeALJDSq0pR1yOQ=",
                "tlsClientExtensionsSha1": "6ypsAhJmvmVeS/+dhxVrrtGBOrg=",
                "tlsClientExtensionsSha1Le": "",
                "tlsClientHelloLength": "1740",
                "tlsClientAuth": {
                    "certPresented": "0",
                    "certVerified": "NONE",
                    "certRevoked": "0",
                    "certIssuerDN": "",
                    "certSubjectDN": "",
                    "certIssuerDNRFC2253": "",
                    "certSubjectDNRFC2253": "",
                    "certIssuerDNLegacy": "",
                    "certSubjectDNLegacy": "",
                    "certSerial": "",
                    "certIssuerSerial": "",
                    "certSKI": "",
                    "certIssuerSKI": "",
                    "certFingerprintSHA1": "",
                    "certFingerprintSHA256": "",
                    "certNotBefore": "",
                    "certNotAfter": ""
                },
                "verifiedBotCategory": ""
            }
        },
        "response": {
            "status": 200
        }
    }
}
{
    "wallTime": 18,
    "cpuTime": 1,
    "truncated": false,
    "executionModel": "stateless",
    "outcome": "ok",
    "scriptVersion": {
        "id": "c24d3dae-f234-4412-bc14-9da126cb6239"
    },
    "scriptName": "wrapsheet-public",
    "diagnosticsChannelEvents": [],
    "exceptions": [],
    "logs": [],
    "eventTimestamp": 1768452517303,
    "event": {
        "request": {
            "url": "https://wrapsheet.ccorealtors.com/api/users?org_id=1",
            "method": "GET",
            "headers": {
                "accept": "*/*",
                "accept-encoding": "gzip, br",
                "accept-language": "en-US,en;q=0.9",
                "cf-connecting-ip": "73.156.144.167",
                "cf-ipcountry": "US",
                "cf-ray": "9be2bde91fd2b3e5",
                "cf-visitor": "{\"scheme\":\"https\"}",
                "connection": "Keep-Alive",
                "host": "wrapsheet.ccorealtors.com",
                "priority": "u=1, i",
                "referer": "https://wrapsheet.ccorealtors.com/admin",
                "sec-ch-ua": "\"Google Chrome\";v=\"143\", \"Chromium\";v=\"143\", \"Not A(Brand\";v=\"24\"",
                "sec-ch-ua-mobile": "?0",
                "sec-ch-ua-platform": "\"Windows\"",
                "sec-fetch-dest": "empty",
                "sec-fetch-mode": "cors",
                "sec-fetch-site": "same-origin",
                "user-agent": "Mozilla/5.0 (Windows NT 10.0; Win64; x64) AppleWebKit/537.36 (KHTML, like Gecko) Chrome/143.0.0.0 Safari/537.36",
                "x-forwarded-proto": "https",
                "x-org-id": "1",
                "x-real-ip": "73.156.144.167"
            },
            "cf": {
                "httpProtocol": "HTTP/3",
                "clientAcceptEncoding": "gzip, deflate, br",
                "requestPriority": "",
                "edgeRequestKeepAliveStatus": 1,
                "requestHeaderNames": {},
                "clientTcpRtt": 0,
                "colo": "MIA",
                "asn": 7922,
                "asOrganization": "Comcast IP Services, L.L.C.",
                "country": "US",
                "isEUCountry": false,
                "city": "Cape Coral",
                "continent": "NA",
                "region": "Florida",
                "regionCode": "FL",
                "timezone": "America/New_York",
                "longitude": "-81.94953",
                "latitude": "26.56285",
                "postalCode": "33910",
                "metroCode": "571",
                "tlsVersion": "TLSv1.3",
                "tlsCipher": "AEAD-AES128-GCM-SHA256",
                "tlsClientRandom": "P3qmNBeSAkQgEAW6qp81xXhalVDenMM86+iisCxaQxw=",
                "tlsClientCiphersSha1": "3HTt3+R/6BL3zeALJDSq0pR1yOQ=",
                "tlsClientExtensionsSha1": "6ypsAhJmvmVeS/+dhxVrrtGBOrg=",
                "tlsClientExtensionsSha1Le": "",
                "tlsClientHelloLength": "1740",
                "tlsClientAuth": {
                    "certPresented": "0",
                    "certVerified": "NONE",
                    "certRevoked": "0",
                    "certIssuerDN": "",
                    "certSubjectDN": "",
                    "certIssuerDNRFC2253": "",
                    "certSubjectDNRFC2253": "",
                    "certIssuerDNLegacy": "",
                    "certSubjectDNLegacy": "",
                    "certSerial": "",
                    "certIssuerSerial": "",
                    "certSKI": "",
                    "certIssuerSKI": "",
                    "certFingerprintSHA1": "",
                    "certFingerprintSHA256": "",
                    "certNotBefore": "",
                    "certNotAfter": ""
                },
                "verifiedBotCategory": ""
            }
        },
        "response": {
            "status": 200
        }
    }
}
{
    "wallTime": 71,
    "cpuTime": 2,
    "truncated": false,
    "executionModel": "stateless",
    "outcome": "ok",
    "scriptVersion": {
        "id": "c24d3dae-f234-4412-bc14-9da126cb6239"
    },
    "scriptName": "wrapsheet-public",
    "diagnosticsChannelEvents": [],
    "exceptions": [],
    "logs": [],
    "eventTimestamp": 1768452539883,
    "event": {
        "request": {
            "url": "https://wrapsheet.ccorealtors.com/api/users",
            "method": "POST",
            "headers": {
                "accept": "*/*",
                "accept-encoding": "gzip, br",
                "accept-language": "en-US,en;q=0.9",
                "cf-connecting-ip": "73.156.144.167",
                "cf-ipcountry": "US",
                "cf-ray": "9be2be763a53b3e5",
                "cf-visitor": "{\"scheme\":\"https\"}",
                "connection": "Keep-Alive",
                "content-length": "61",
                "content-type": "application/json",
                "host": "wrapsheet.ccorealtors.com",
                "origin": "https://wrapsheet.ccorealtors.com",
                "priority": "u=1, i",
                "referer": "https://wrapsheet.ccorealtors.com/admin",
                "sec-ch-ua": "\"Google Chrome\";v=\"143\", \"Chromium\";v=\"143\", \"Not A(Brand\";v=\"24\"",
                "sec-ch-ua-mobile": "?0",
                "sec-ch-ua-platform": "\"Windows\"",
                "sec-fetch-dest": "empty",
                "sec-fetch-mode": "cors",
                "sec-fetch-site": "same-origin",
                "user-agent": "Mozilla/5.0 (Windows NT 10.0; Win64; x64) AppleWebKit/537.36 (KHTML, like Gecko) Chrome/143.0.0.0 Safari/537.36",
                "x-forwarded-proto": "https",
                "x-real-ip": "73.156.144.167"
            },
            "cf": {
                "httpProtocol": "HTTP/3",
                "clientAcceptEncoding": "gzip, deflate, br",
                "requestPriority": "",
                "edgeRequestKeepAliveStatus": 1,
                "requestHeaderNames": {},
                "clientTcpRtt": 0,
                "colo": "MIA",
                "asn": 7922,
                "asOrganization": "Comcast IP Services, L.L.C.",
                "country": "US",
                "isEUCountry": false,
                "city": "Cape Coral",
                "continent": "NA",
                "region": "Florida",
                "regionCode": "FL",
                "timezone": "America/New_York",
                "longitude": "-81.94953",
                "latitude": "26.56285",
                "postalCode": "33910",
                "metroCode": "571",
                "tlsVersion": "TLSv1.3",
                "tlsCipher": "AEAD-AES128-GCM-SHA256",
                "tlsClientRandom": "P3qmNBeSAkQgEAW6qp81xXhalVDenMM86+iisCxaQxw=",
                "tlsClientCiphersSha1": "3HTt3+R/6BL3zeALJDSq0pR1yOQ=",
                "tlsClientExtensionsSha1": "6ypsAhJmvmVeS/+dhxVrrtGBOrg=",
                "tlsClientExtensionsSha1Le": "",
                "tlsClientHelloLength": "1740",
                "tlsClientAuth": {
                    "certPresented": "0",
                    "certVerified": "NONE",
                    "certRevoked": "0",
                    "certIssuerDN": "",
                    "certSubjectDN": "",
                    "certIssuerDNRFC2253": "",
                    "certSubjectDNRFC2253": "",
                    "certIssuerDNLegacy": "",
                    "certSubjectDNLegacy": "",
                    "certSerial": "",
                    "certIssuerSerial": "",
                    "certSKI": "",
                    "certIssuerSKI": "",
                    "certFingerprintSHA1": "",
                    "certFingerprintSHA256": "",
                    "certNotBefore": "",
                    "certNotAfter": ""
                },
                "verifiedBotCategory": ""
            }
        },
        "response": {
            "status": 200
        }
    }
}
{
    "wallTime": 18,
    "cpuTime": 0,
    "truncated": false,
    "executionModel": "stateless",
    "outcome": "ok",
    "scriptVersion": {
        "id": "c24d3dae-f234-4412-bc14-9da126cb6239"
    },
    "scriptName": "wrapsheet-public",
    "diagnosticsChannelEvents": [],
    "exceptions": [],
    "logs": [],
    "eventTimestamp": 1768452539985,
    "event": {
        "request": {
            "url": "https://wrapsheet.ccorealtors.com/api/users?org_id=1",
            "method": "GET",
            "headers": {
                "accept": "*/*",
                "accept-encoding": "gzip, br",
                "accept-language": "en-US,en;q=0.9",
                "cf-connecting-ip": "73.156.144.167",
                "cf-ipcountry": "US",
                "cf-ray": "9be2be76ea56b3e5",
                "cf-visitor": "{\"scheme\":\"https\"}",
                "connection": "Keep-Alive",
                "host": "wrapsheet.ccorealtors.com",
                "priority": "u=1, i",
                "referer": "https://wrapsheet.ccorealtors.com/admin",
                "sec-ch-ua": "\"Google Chrome\";v=\"143\", \"Chromium\";v=\"143\", \"Not A(Brand\";v=\"24\"",
                "sec-ch-ua-mobile": "?0",
                "sec-ch-ua-platform": "\"Windows\"",
                "sec-fetch-dest": "empty",
                "sec-fetch-mode": "cors",
                "sec-fetch-site": "same-origin",
                "user-agent": "Mozilla/5.0 (Windows NT 10.0; Win64; x64) AppleWebKit/537.36 (KHTML, like Gecko) Chrome/143.0.0.0 Safari/537.36",
                "x-forwarded-proto": "https",
                "x-org-id": "1",
                "x-real-ip": "73.156.144.167"
            },
            "cf": {
                "httpProtocol": "HTTP/3",
                "clientAcceptEncoding": "gzip, deflate, br",
                "requestPriority": "",
                "edgeRequestKeepAliveStatus": 1,
                "requestHeaderNames": {},
                "clientTcpRtt": 0,
                "colo": "MIA",
                "asn": 7922,
                "asOrganization": "Comcast IP Services, L.L.C.",
                "country": "US",
                "isEUCountry": false,
                "city": "Cape Coral",
                "continent": "NA",
                "region": "Florida",
                "regionCode": "FL",
                "timezone": "America/New_York",
                "longitude": "-81.94953",
                "latitude": "26.56285",
                "postalCode": "33910",
                "metroCode": "571",
                "tlsVersion": "TLSv1.3",
                "tlsCipher": "AEAD-AES128-GCM-SHA256",
                "tlsClientRandom": "P3qmNBeSAkQgEAW6qp81xXhalVDenMM86+iisCxaQxw=",
                "tlsClientCiphersSha1": "3HTt3+R/6BL3zeALJDSq0pR1yOQ=",
                "tlsClientExtensionsSha1": "6ypsAhJmvmVeS/+dhxVrrtGBOrg=",
                "tlsClientExtensionsSha1Le": "",
                "tlsClientHelloLength": "1740",
                "tlsClientAuth": {
                    "certPresented": "0",
                    "certVerified": "NONE",
                    "certRevoked": "0",
                    "certIssuerDN": "",
                    "certSubjectDN": "",
                    "certIssuerDNRFC2253": "",
                    "certSubjectDNRFC2253": "",
                    "certIssuerDNLegacy": "",
                    "certSubjectDNLegacy": "",
                    "certSerial": "",
                    "certIssuerSerial": "",
                    "certSKI": "",
                    "certIssuerSKI": "",
                    "certFingerprintSHA1": "",
                    "certFingerprintSHA256": "",
                    "certNotBefore": "",
                    "certNotAfter": ""
                },
                "verifiedBotCategory": ""
            }
        },
        "response": {
            "status": 200
        }
    }
}
{
    "wallTime": 51,
    "cpuTime": 1,
    "truncated": false,
    "executionModel": "stateless",
    "outcome": "ok",
    "scriptVersion": {
        "id": "c24d3dae-f234-4412-bc14-9da126cb6239"
    },
    "scriptName": "wrapsheet-public",
    "diagnosticsChannelEvents": [],
    "exceptions": [],
    "logs": [],
    "eventTimestamp": 1768452553263,
    "event": {
        "request": {
            "url": "https://wrapsheet.ccorealtors.com/api/users/17",
            "method": "PUT",
            "headers": {
                "accept": "*/*",
                "accept-encoding": "gzip, br",
                "accept-language": "en-US,en;q=0.9",
                "cf-connecting-ip": "73.156.144.167",
                "cf-ipcountry": "US",
                "cf-ray": "9be2bec9dc7eb3e5",
                "cf-visitor": "{\"scheme\":\"https\"}",
                "connection": "Keep-Alive",
                "content-length": "75",
                "content-type": "application/json",
                "host": "wrapsheet.ccorealtors.com",
                "origin": "https://wrapsheet.ccorealtors.com",
                "priority": "u=1, i",
                "referer": "https://wrapsheet.ccorealtors.com/admin",
                "sec-ch-ua": "\"Google Chrome\";v=\"143\", \"Chromium\";v=\"143\", \"Not A(Brand\";v=\"24\"",
                "sec-ch-ua-mobile": "?0",
                "sec-ch-ua-platform": "\"Windows\"",
                "sec-fetch-dest": "empty",
                "sec-fetch-mode": "cors",
                "sec-fetch-site": "same-origin",
                "user-agent": "Mozilla/5.0 (Windows NT 10.0; Win64; x64) AppleWebKit/537.36 (KHTML, like Gecko) Chrome/143.0.0.0 Safari/537.36",
                "x-forwarded-proto": "https",
                "x-real-ip": "73.156.144.167"
            },
            "cf": {
                "httpProtocol": "HTTP/3",
                "clientAcceptEncoding": "gzip, deflate, br",
                "requestPriority": "",
                "edgeRequestKeepAliveStatus": 1,
                "requestHeaderNames": {},
                "clientTcpRtt": 0,
                "colo": "MIA",
                "asn": 7922,
                "asOrganization": "Comcast IP Services, L.L.C.",
                "country": "US",
                "isEUCountry": false,
                "city": "Cape Coral",
                "continent": "NA",
                "region": "Florida",
                "regionCode": "FL",
                "timezone": "America/New_York",
                "longitude": "-81.94953",
                "latitude": "26.56285",
                "postalCode": "33910",
                "metroCode": "571",
                "tlsVersion": "TLSv1.3",
                "tlsCipher": "AEAD-AES128-GCM-SHA256",
                "tlsClientRandom": "P3qmNBeSAkQgEAW6qp81xXhalVDenMM86+iisCxaQxw=",
                "tlsClientCiphersSha1": "3HTt3+R/6BL3zeALJDSq0pR1yOQ=",
                "tlsClientExtensionsSha1": "6ypsAhJmvmVeS/+dhxVrrtGBOrg=",
                "tlsClientExtensionsSha1Le": "",
                "tlsClientHelloLength": "1740",
                "tlsClientAuth": {
                    "certPresented": "0",
                    "certVerified": "NONE",
                    "certRevoked": "0",
                    "certIssuerDN": "",
                    "certSubjectDN": "",
                    "certIssuerDNRFC2253": "",
                    "certSubjectDNRFC2253": "",
                    "certIssuerDNLegacy": "",
                    "certSubjectDNLegacy": "",
                    "certSerial": "",
                    "certIssuerSerial": "",
                    "certSKI": "",
                    "certIssuerSKI": "",
                    "certFingerprintSHA1": "",
                    "certFingerprintSHA256": "",
                    "certNotBefore": "",
                    "certNotAfter": ""
                },
                "verifiedBotCategory": ""
            }
        },
        "response": {
            "status": 200
        }
    }
}
{
    "wallTime": 20,
    "cpuTime": 0,
    "truncated": false,
    "executionModel": "stateless",
    "outcome": "ok",
    "scriptVersion": {
        "id": "c24d3dae-f234-4412-bc14-9da126cb6239"
    },
    "scriptName": "wrapsheet-public",
    "diagnosticsChannelEvents": [],
    "exceptions": [],
    "logs": [],
    "eventTimestamp": 1768452553356,
    "event": {
        "request": {
            "url": "https://wrapsheet.ccorealtors.com/api/users?org_id=1",
            "method": "GET",
            "headers": {
                "accept": "*/*",
                "accept-encoding": "gzip, br",
                "accept-language": "en-US,en;q=0.9",
                "cf-connecting-ip": "73.156.144.167",
                "cf-ipcountry": "US",
                "cf-ray": "9be2beca7c97b3e5",
                "cf-visitor": "{\"scheme\":\"https\"}",
                "connection": "Keep-Alive",
                "host": "wrapsheet.ccorealtors.com",
                "priority": "u=1, i",
                "referer": "https://wrapsheet.ccorealtors.com/admin",
                "sec-ch-ua": "\"Google Chrome\";v=\"143\", \"Chromium\";v=\"143\", \"Not A(Brand\";v=\"24\"",
                "sec-ch-ua-mobile": "?0",
                "sec-ch-ua-platform": "\"Windows\"",
                "sec-fetch-dest": "empty",
                "sec-fetch-mode": "cors",
                "sec-fetch-site": "same-origin",
                "user-agent": "Mozilla/5.0 (Windows NT 10.0; Win64; x64) AppleWebKit/537.36 (KHTML, like Gecko) Chrome/143.0.0.0 Safari/537.36",
                "x-forwarded-proto": "https",
                "x-org-id": "1",
                "x-real-ip": "73.156.144.167"
            },
            "cf": {
                "httpProtocol": "HTTP/3",
                "clientAcceptEncoding": "gzip, deflate, br",
                "requestPriority": "",
                "edgeRequestKeepAliveStatus": 1,
                "requestHeaderNames": {},
                "clientTcpRtt": 0,
                "colo": "MIA",
                "asn": 7922,
                "asOrganization": "Comcast IP Services, L.L.C.",
                "country": "US",
                "isEUCountry": false,
                "city": "Cape Coral",
                "continent": "NA",
                "region": "Florida",
                "regionCode": "FL",
                "timezone": "America/New_York",
                "longitude": "-81.94953",
                "latitude": "26.56285",
                "postalCode": "33910",
                "metroCode": "571",
                "tlsVersion": "TLSv1.3",
                "tlsCipher": "AEAD-AES128-GCM-SHA256",
                "tlsClientRandom": "P3qmNBeSAkQgEAW6qp81xXhalVDenMM86+iisCxaQxw=",
                "tlsClientCiphersSha1": "3HTt3+R/6BL3zeALJDSq0pR1yOQ=",
                "tlsClientExtensionsSha1": "6ypsAhJmvmVeS/+dhxVrrtGBOrg=",
                "tlsClientExtensionsSha1Le": "",
                "tlsClientHelloLength": "1740",
                "tlsClientAuth": {
                    "certPresented": "0",
                    "certVerified": "NONE",
                    "certRevoked": "0",
                    "certIssuerDN": "",
                    "certSubjectDN": "",
                    "certIssuerDNRFC2253": "",
                    "certSubjectDNRFC2253": "",
                    "certIssuerDNLegacy": "",
                    "certSubjectDNLegacy": "",
                    "certSerial": "",
                    "certIssuerSerial": "",
                    "certSKI": "",
                    "certIssuerSKI": "",
                    "certFingerprintSHA1": "",
                    "certFingerprintSHA256": "",
                    "certNotBefore": "",
                    "certNotAfter": ""
                },
                "verifiedBotCategory": ""
            }
        },
        "response": {
            "status": 200
        }
    }
}
{
    "wallTime": 67,
    "cpuTime": 1,
    "truncated": false,
    "executionModel": "stateless",
    "outcome": "ok",
    "scriptVersion": {
        "id": "c24d3dae-f234-4412-bc14-9da126cb6239"
    },
    "scriptName": "wrapsheet-public",
    "diagnosticsChannelEvents": [],
    "exceptions": [],
    "logs": [],
    "eventTimestamp": 1768452564315,
    "event": {
        "request": {
            "url": "https://wrapsheet.ccorealtors.com/api/users/17",
            "method": "DELETE",
            "headers": {
                "accept": "*/*",
                "accept-encoding": "gzip, br",
                "accept-language": "en-US,en;q=0.9",
                "cf-connecting-ip": "73.156.144.167",
                "cf-ipcountry": "US",
                "cf-ray": "9be2bf0efe00b3e5",
                "cf-visitor": "{\"scheme\":\"https\"}",
                "connection": "Keep-Alive",
                "content-type": "application/json",
                "host": "wrapsheet.ccorealtors.com",
                "origin": "https://wrapsheet.ccorealtors.com",
                "priority": "u=1, i",
                "referer": "https://wrapsheet.ccorealtors.com/admin",
                "sec-ch-ua": "\"Google Chrome\";v=\"143\", \"Chromium\";v=\"143\", \"Not A(Brand\";v=\"24\"",
                "sec-ch-ua-mobile": "?0",
                "sec-ch-ua-platform": "\"Windows\"",
                "sec-fetch-dest": "empty",
                "sec-fetch-mode": "cors",
                "sec-fetch-site": "same-origin",
                "transfer-encoding": "chunked",
                "user-agent": "Mozilla/5.0 (Windows NT 10.0; Win64; x64) AppleWebKit/537.36 (KHTML, like Gecko) Chrome/143.0.0.0 Safari/537.36",
                "x-forwarded-proto": "https",
                "x-real-ip": "73.156.144.167"
            },
            "cf": {
                "httpProtocol": "HTTP/3",
                "clientAcceptEncoding": "gzip, deflate, br",
                "requestPriority": "",
                "edgeRequestKeepAliveStatus": 1,
                "requestHeaderNames": {},
                "clientTcpRtt": 0,
                "colo": "MIA",
                "asn": 7922,
                "asOrganization": "Comcast IP Services, L.L.C.",
                "country": "US",
                "isEUCountry": false,
                "city": "Cape Coral",
                "continent": "NA",
                "region": "Florida",
                "regionCode": "FL",
                "timezone": "America/New_York",
                "longitude": "-81.94953",
                "latitude": "26.56285",
                "postalCode": "33910",
                "metroCode": "571",
                "tlsVersion": "TLSv1.3",
                "tlsCipher": "AEAD-AES128-GCM-SHA256",
                "tlsClientRandom": "P3qmNBeSAkQgEAW6qp81xXhalVDenMM86+iisCxaQxw=",
                "tlsClientCiphersSha1": "3HTt3+R/6BL3zeALJDSq0pR1yOQ=",
                "tlsClientExtensionsSha1": "6ypsAhJmvmVeS/+dhxVrrtGBOrg=",
                "tlsClientExtensionsSha1Le": "",
                "tlsClientHelloLength": "1740",
                "tlsClientAuth": {
                    "certPresented": "0",
                    "certVerified": "NONE",
                    "certRevoked": "0",
                    "certIssuerDN": "",
                    "certSubjectDN": "",
                    "certIssuerDNRFC2253": "",
                    "certSubjectDNRFC2253": "",
                    "certIssuerDNLegacy": "",
                    "certSubjectDNLegacy": "",
                    "certSerial": "",
                    "certIssuerSerial": "",
                    "certSKI": "",
                    "certIssuerSKI": "",
                    "certFingerprintSHA1": "",
                    "certFingerprintSHA256": "",
                    "certNotBefore": "",
                    "certNotAfter": ""
                },
                "verifiedBotCategory": ""
            }
        },
        "response": {
            "status": 200
        }
    }
}
{
    "wallTime": 20,
    "cpuTime": 0,
    "truncated": false,
    "executionModel": "stateless",
    "outcome": "ok",
    "scriptVersion": {
        "id": "c24d3dae-f234-4412-bc14-9da126cb6239"
    },
    "scriptName": "wrapsheet-public",
    "diagnosticsChannelEvents": [],
    "exceptions": [],
    "logs": [],
    "eventTimestamp": 1768452564408,
    "event": {
        "request": {
            "url": "https://wrapsheet.ccorealtors.com/api/users?org_id=1",
            "method": "GET",
            "headers": {
                "accept": "*/*",
                "accept-encoding": "gzip, br",
                "accept-language": "en-US,en;q=0.9",
                "cf-connecting-ip": "73.156.144.167",
                "cf-ipcountry": "US",
                "cf-ray": "9be2bf0f8e03b3e5",
                "cf-visitor": "{\"scheme\":\"https\"}",
                "connection": "Keep-Alive",
                "host": "wrapsheet.ccorealtors.com",
                "priority": "u=1, i",
                "referer": "https://wrapsheet.ccorealtors.com/admin",
                "sec-ch-ua": "\"Google Chrome\";v=\"143\", \"Chromium\";v=\"143\", \"Not A(Brand\";v=\"24\"",
                "sec-ch-ua-mobile": "?0",
                "sec-ch-ua-platform": "\"Windows\"",
                "sec-fetch-dest": "empty",
                "sec-fetch-mode": "cors",
                "sec-fetch-site": "same-origin",
                "user-agent": "Mozilla/5.0 (Windows NT 10.0; Win64; x64) AppleWebKit/537.36 (KHTML, like Gecko) Chrome/143.0.0.0 Safari/537.36",
                "x-forwarded-proto": "https",
                "x-org-id": "1",
                "x-real-ip": "73.156.144.167"
            },
            "cf": {
                "httpProtocol": "HTTP/3",
                "clientAcceptEncoding": "gzip, deflate, br",
                "requestPriority": "",
                "edgeRequestKeepAliveStatus": 1,
                "requestHeaderNames": {},
                "clientTcpRtt": 0,
                "colo": "MIA",
                "asn": 7922,
                "asOrganization": "Comcast IP Services, L.L.C.",
                "country": "US",
                "isEUCountry": false,
                "city": "Cape Coral",
                "continent": "NA",
                "region": "Florida",
                "regionCode": "FL",
                "timezone": "America/New_York",
                "longitude": "-81.94953",
                "latitude": "26.56285",
                "postalCode": "33910",
                "metroCode": "571",
                "tlsVersion": "TLSv1.3",
                "tlsCipher": "AEAD-AES128-GCM-SHA256",
                "tlsClientRandom": "P3qmNBeSAkQgEAW6qp81xXhalVDenMM86+iisCxaQxw=",
                "tlsClientCiphersSha1": "3HTt3+R/6BL3zeALJDSq0pR1yOQ=",
                "tlsClientExtensionsSha1": "6ypsAhJmvmVeS/+dhxVrrtGBOrg=",
                "tlsClientExtensionsSha1Le": "",
                "tlsClientHelloLength": "1740",
                "tlsClientAuth": {
                    "certPresented": "0",
                    "certVerified": "NONE",
                    "certRevoked": "0",
                    "certIssuerDN": "",
                    "certSubjectDN": "",
                    "certIssuerDNRFC2253": "",
                    "certSubjectDNRFC2253": "",
                    "certIssuerDNLegacy": "",
                    "certSubjectDNLegacy": "",
                    "certSerial": "",
                    "certIssuerSerial": "",
                    "certSKI": "",
                    "certIssuerSKI": "",
                    "certFingerprintSHA1": "",
                    "certFingerprintSHA256": "",
                    "certNotBefore": "",
                    "certNotAfter": ""
                },
                "verifiedBotCategory": ""
            }
        },
        "response": {
            "status": 200
        }
    }
}
